
--------------------------------------------------
TXLib сообщает:

Программа: E:\Проэкт стрелялка\Проэкт стрелялка\bin\Debug\Проэкт стрелялка.exe, файл: c:\codeblocks\codeblocks\mingw\include\txlib.h, строка: 13678, функция: bool {anonymous}::TX::txTransparentBlt(HDC, double, double, double, double, HDC, double, double, COLORREF),

Сообщение: Прямоугольник копируемой области {0, 0, 15, 20} не полностью лежит внутри изображения-источника {0, 0, 14, 20}, функция txTransparentBlt() работать не будет.

#1: TXLib [Ver: 00173a, Rev: 171, Date: 2022-07-23 02:08:28 +0400], Instance: 0x005042FC (32-bit), Flags: CMdRe0, Thread: 0x2888 (Main), GetLastError(): 13 (Недопустимые данные). 
From: c:\codeblocks\codeblocks\mingw\include\txlib.h (13677) bool {anonymous}::TX::txTransparentBlt(HDC, double, double, double, double, HDC, double, double, COLORREF).

--------------------------------------------------
Стек вызовов:

# 0 0x004228EC in E:\Проэкт стрелялка\Проэкт стрелялка\bin\Debug\Проэкт стрелялка.exe: txTransparentBlt() at c:/codeblocks/codeblocks/mingw/include/txlib.h (13678)

# 1 0x0044AD1C in E:\Проэкт стрелялка\Проэкт стрелялка\bin\Debug\Проэкт стрелялка.exe: draw() at c:/codeblocks/codeblocks/mingw/include/c++/4.8.1/debug/functions.h (45):

     43:   // An arbitrary iterator pointer is not singular.
     44:   inline bool
=>   45:   __check_singular_aux(const void*) { return false; }
     46: 
     47:   // We may have an iterator that derives from _Safe_iterator_base but isn't

# 2 0x0042BEED in E:\Проэкт стрелялка\Проэкт стрелялка\bin\Debug\Проэкт стрелялка.exe: main() at E:/Проэкт стрелялка/Проэкт стрелялка/main.cpp (75):

     73:        tank1.draw();
     74:        tank2.draw();
=>   75:        bul.draw();
     76: 
     77:         //ифы и управление для E 100

--------------------------------------------------
Стек вызовов TX:

# 0 in bool {anonymous}::TX::txTransparentBlt(HDC, double, double, double, double, HDC, double, double, COLORREF) at c:\codeblocks\codeblocks\mingw\include\txlib.h (13677):

  13675:         {
  13676: $       SetLastError (ERROR_INVALID_DATA);
=>13677: $       TX_ERROR ("Прямоугольник копируемой области {%g, %g, %g, %g} не полностью лежит внутри изображения-источника {%d, %d, %d, %d}, "
  13678:                   "функция txTransparentBlt() работать не будет.", xSource, ySource, xSource + width, ySource + height, 0, 0, (int) size.x, (int) size.y);
  13679:         }

# 1 in void Bul::draw() at E:\Проэкт стрелялка\Проэкт стрелялка\main.cpp (47):

     45:         {
     46: 
=>   47:          txTransparentBlt(txDC(), x, y, w, h, image, 0, 0, TX_BLACK);
     48: 
     49:         }

--------------------------------------------------
Developed with:

The Dumb Artist Library (TX Library)
TXLib [Ver: 00173a, Rev: 171, Date: 2022-07-23 02:08:28 +0400]
Copyright (C) Ded (Ilya Dedinsky, http://txlib.ru) <mail@txlib.ru>
See license on: http://txlib.ru

TXLib file:	c:\codeblocks\codeblocks\mingw\include\txlib.h
Compiled:	Feb 26 2024 18:17:15, GNU g++ 4.8.1, std=201103L, MinGW Runtime 3.20, 32-bit, DEBUG
Started:	Feb 26 2024 18:17:50

Run file:	E:\Проэкт стрелялка\Проэкт стрелялка\bin\Debug\Проэкт стрелялка.exe
Directory:	E:\Проэкт стрелялка\Проэкт стрелялка

--------------------------------------------------

--------------------------------------------------
TXLib сообщает:

Программа: E:\Проэкт стрелялка\Проэкт стрелялка\bin\Debug\Проэкт стрелялка.exe, файл: c:\codeblocks\codeblocks\mingw\include\txlib.h, строка: 13678, функция: bool {anonymous}::TX::txTransparentBlt(HDC, double, double, double, double, HDC, double, double, COLORREF),

Сообщение: Прямоугольник копируемой области {0, 0, 15, 20} не полностью лежит внутри изображения-источника {0, 0, 14, 20}, функция txTransparentBlt() работать не будет.

#2: TXLib [Ver: 00173a, Rev: 171, Date: 2022-07-23 02:08:28 +0400], Instance: 0x005042FC (32-bit), Flags: CMdRe0, Thread: 0x2888 (Main), GetLastError(): 13 (Недопустимые данные). 
From: c:\codeblocks\codeblocks\mingw\include\txlib.h (13677) bool {anonymous}::TX::txTransparentBlt(HDC, double, double, double, double, HDC, double, double, COLORREF).

--------------------------------------------------
Стек вызовов:

# 0 0x004228EC in E:\Проэкт стрелялка\Проэкт стрелялка\bin\Debug\Проэкт стрелялка.exe: txTransparentBlt() at c:/codeblocks/codeblocks/mingw/include/txlib.h (13678)

# 1 0x0044AD1C in E:\Проэкт стрелялка\Проэкт стрелялка\bin\Debug\Проэкт стрелялка.exe: draw() at c:/codeblocks/codeblocks/mingw/include/c++/4.8.1/debug/functions.h (45):

     43:   // An arbitrary iterator pointer is not singular.
     44:   inline bool
=>   45:   __check_singular_aux(const void*) { return false; }
     46: 
     47:   // We may have an iterator that derives from _Safe_iterator_base but isn't

# 2 0x0042BEED in E:\Проэкт стрелялка\Проэкт стрелялка\bin\Debug\Проэкт стрелялка.exe: main() at E:/Проэкт стрелялка/Проэкт стрелялка/main.cpp (75):

     73:        tank1.draw();
     74:        tank2.draw();
=>   75:        bul.draw();
     76: 
     77:         //ифы и управление для E 100

--------------------------------------------------
Стек вызовов TX:

# 0 in bool {anonymous}::TX::txTransparentBlt(HDC, double, double, double, double, HDC, double, double, COLORREF) at c:\codeblocks\codeblocks\mingw\include\txlib.h (13677):

  13675:         {
  13676: $       SetLastError (ERROR_INVALID_DATA);
=>13677: $       TX_ERROR ("Прямоугольник копируемой области {%g, %g, %g, %g} не полностью лежит внутри изображения-источника {%d, %d, %d, %d}, "
  13678:                   "функция txTransparentBlt() работать не будет.", xSource, ySource, xSource + width, ySource + height, 0, 0, (int) size.x, (int) size.y);
  13679:         }

# 1 in void Bul::draw() at E:\Проэкт стрелялка\Проэкт стрелялка\main.cpp (47):

     45:         {
     46: 
=>   47:          txTransparentBlt(txDC(), x, y, w, h, image, 0, 0, TX_BLACK);
     48: 
     49:         }

--------------------------------------------------
Developed with:

The Dumb Artist Library (TX Library)
TXLib [Ver: 00173a, Rev: 171, Date: 2022-07-23 02:08:28 +0400]
Copyright (C) Ded (Ilya Dedinsky, http://txlib.ru) <mail@txlib.ru>
See license on: http://txlib.ru

TXLib file:	c:\codeblocks\codeblocks\mingw\include\txlib.h
Compiled:	Feb 26 2024 18:17:15, GNU g++ 4.8.1, std=201103L, MinGW Runtime 3.20, 32-bit, DEBUG
Started:	Feb 26 2024 18:17:50

Run file:	E:\Проэкт стрелялка\Проэкт стрелялка\bin\Debug\Проэкт стрелялка.exe
Directory:	E:\Проэкт стрелялка\Проэкт стрелялка

--------------------------------------------------

--------------------------------------------------
TXLib предупреждает:

Программа: E:\Проэкт стрелялка\Проэкт стрелялка\bin\Debug\Проэкт стрелялка.exe,

ВНЕЗАПНО: Нарушение доступа к памяти.

#1: Исключение EXCEPTION_ACCESS_VIOLATION (0xC0000005) при выполнении кода по адресу 0x76F19618 в функции strchr(). Попытка прочесть данные по адресу 0x0000001C в модуле C:\Windows\System32\msvcrt.dll. Спасибо _txVectoredExceptionHandler(), что сообщил. Люблю его <3

#1: TXLib [Ver: 00173a, Rev: 171, Date: 2022-07-23 02:08:28 +0400], Instance: 0x005062FC (32-bit), Flags: CMdRe0, Thread: 0x43A0 (Main). 

--------------------------------------------------
Стек вызовов:

# 0 0x76F19618 in C:\Windows\System32\msvcrt.dll: strchr()

# 1 0x0044BADA in E:\Проэкт стрелялка\Проэкт стрелялка\bin\Debug\Проэкт стрелялка.exe: draw() at c:/codeblocks/codeblocks/mingw/include/c++/4.8.1/debug/functions.h (45):

     43:   // An arbitrary iterator pointer is not singular.
     44:   inline bool
=>   45:   __check_singular_aux(const void*) { return false; }
     46: 
     47:   // We may have an iterator that derives from _Safe_iterator_base but isn't

# 2 0x0042C2FA in E:\Проэкт стрелялка\Проэкт стрелялка\bin\Debug\Проэкт стрелялка.exe: main() at E:/Проэкт стрелялка/Проэкт стрелялка/main.cpp (110):

    108:             for(int i=0; i<count_btn; i++)
    109:             {
=>  110:                 btn[i].draw();
    111:             }
    112: 

--------------------------------------------------
Стек вызовов TX:

# 0 in bool {anonymous}::TX::txDrawText(double, double, double, double, const char*, unsigned int, HDC) at c:\codeblocks\codeblocks\mingw\include\txlib.h (13403):

  13401: $   RECT r = { ROUND (x0), ROUND (y0), ROUND (x1), ROUND (y1) };
  13402: 
=>13403: $   if (!strchr (text, '\n')) format |= DT_SINGLELINE;
  13404: 
  13405: $   unsigned prev = txSetTextAlign (TA_LEFT | TA_TOP | TA_NOUPDATECP, dc);

# 1 in void Button::draw() at E:\Проэкт стрелялка\Проэкт стрелялка\main.cpp (69):

     67:        txSetFillColor(TX_WHITE);
     68:        txRectangle(x, y, x+w, y+h);
=>   69:        txDrawText(x, y, x+w, y+h, text);
     70: 
     71:     }

--------------------------------------------------
Developed with:

The Dumb Artist Library (TX Library)
TXLib [Ver: 00173a, Rev: 171, Date: 2022-07-23 02:08:28 +0400]
Copyright (C) Ded (Ilya Dedinsky, http://txlib.ru) <mail@txlib.ru>
See license on: http://txlib.ru

TXLib file:	c:\codeblocks\codeblocks\mingw\include\txlib.h
Compiled:	Mar  4 2024 17:58:42, GNU g++ 4.8.1, std=201103L, MinGW Runtime 3.20, 32-bit, DEBUG
Started:	Mar 04 2024 17:59:17

Run file:	E:\Проэкт стрелялка\Проэкт стрелялка\bin\Debug\Проэкт стрелялка.exe
Directory:	E:\Проэкт стрелялка\Проэкт стрелялка

--------------------------------------------------

--------------------------------------------------
TXLib соболезнует...

Программа: E:\Проэкт стрелялка\Проэкт стрелялка\bin\Debug\Проэкт стрелялка.exe,

ВНЕЗАПНО: signal (11, 0x00): SIGSEGV: Доступ по неверному указателю. Ставьте ассерты! 

Нарушение доступа к памяти.

#1: Исключение EXCEPTION_ACCESS_VIOLATION (0xC0000005) при выполнении кода по адресу 0x76F19618 в функции strchr(). Попытка прочесть данные по адресу 0x0000001C в модуле C:\Windows\System32\msvcrt.dll. Спасибо _txVectoredExceptionHandler(), что сообщил. Люблю его <3

С помощью функции signal() вы можете сами обработать эту ошибку.

#2: TXLib [Ver: 00173a, Rev: 171, Date: 2022-07-23 02:08:28 +0400], Instance: 0x005062FC (32-bit), Flags: CMdRe0, Thread: 0x43A0 (Main). 

--------------------------------------------------
Стек вызовов:

# 0 0x76F19618 in C:\Windows\System32\msvcrt.dll: strchr()

# 1 0x0044BADA in E:\Проэкт стрелялка\Проэкт стрелялка\bin\Debug\Проэкт стрелялка.exe: draw() at c:/codeblocks/codeblocks/mingw/include/c++/4.8.1/debug/functions.h (45):

     43:   // An arbitrary iterator pointer is not singular.
     44:   inline bool
=>   45:   __check_singular_aux(const void*) { return false; }
     46: 
     47:   // We may have an iterator that derives from _Safe_iterator_base but isn't

# 2 0x0042C2FA in E:\Проэкт стрелялка\Проэкт стрелялка\bin\Debug\Проэкт стрелялка.exe: main() at E:/Проэкт стрелялка/Проэкт стрелялка/main.cpp (110):

    108:             for(int i=0; i<count_btn; i++)
    109:             {
=>  110:                 btn[i].draw();
    111:             }
    112: 

--------------------------------------------------
Стек вызовов TX:

# 0 in bool {anonymous}::TX::txDrawText(double, double, double, double, const char*, unsigned int, HDC) at c:\codeblocks\codeblocks\mingw\include\txlib.h (13403):

  13401: $   RECT r = { ROUND (x0), ROUND (y0), ROUND (x1), ROUND (y1) };
  13402: 
=>13403: $   if (!strchr (text, '\n')) format |= DT_SINGLELINE;
  13404: 
  13405: $   unsigned prev = txSetTextAlign (TA_LEFT | TA_TOP | TA_NOUPDATECP, dc);

# 1 in void Button::draw() at E:\Проэкт стрелялка\Проэкт стрелялка\main.cpp (69):

     67:        txSetFillColor(TX_WHITE);
     68:        txRectangle(x, y, x+w, y+h);
=>   69:        txDrawText(x, y, x+w, y+h, text);
     70: 
     71:     }

--------------------------------------------------
Developed with:

The Dumb Artist Library (TX Library)
TXLib [Ver: 00173a, Rev: 171, Date: 2022-07-23 02:08:28 +0400]
Copyright (C) Ded (Ilya Dedinsky, http://txlib.ru) <mail@txlib.ru>
See license on: http://txlib.ru

TXLib file:	c:\codeblocks\codeblocks\mingw\include\txlib.h
Compiled:	Mar  4 2024 17:58:42, GNU g++ 4.8.1, std=201103L, MinGW Runtime 3.20, 32-bit, DEBUG
Started:	Mar 04 2024 17:59:16

Run file:	E:\Проэкт стрелялка\Проэкт стрелялка\bin\Debug\Проэкт стрелялка.exe
Directory:	E:\Проэкт стрелялка\Проэкт стрелялка

--------------------------------------------------

--------------------------------------------------
TXLib соболезнует...

Программа: E:\Проэкт стрелялка\Проэкт стрелялка\bin\Debug\Проэкт стрелялка.exe, файл: c:\codeblocks\codeblocks\mingw\include\txlib.h, строка: 13657, функция: bool {anonymous}::TX::txTransparentBlt(HDC, double, double, double, double, HDC, double, double, COLORREF),

Сообщение: Параметр "sourceImage" неверен. Возможно, этот холст не создан, или уже уничтожен, или не загрузилась картинка.

#1: TXLib [Ver: 00173a, Rev: 171, Date: 2022-07-23 02:08:28 +0400], Instance: 0x005062FC (32-bit), Flags: CMdRe0, Thread: 0x27E0 (Main), GetLastError(): 13 (Недопустимые данные). 

--------------------------------------------------
Стек вызовов:

# 0 0x004226F0 in E:\Проэкт стрелялка\Проэкт стрелялка\bin\Debug\Проэкт стрелялка.exe: txTransparentBlt() at c:/codeblocks/codeblocks/mingw/include/txlib.h (13657)

# 1 0x0044BC6B in E:\Проэкт стрелялка\Проэкт стрелялка\bin\Debug\Проэкт стрелялка.exe: draw() at c:/codeblocks/codeblocks/mingw/include/c++/4.8.1/debug/functions.h (45):

     43:   // An arbitrary iterator pointer is not singular.
     44:   inline bool
=>   45:   __check_singular_aux(const void*) { return false; }
     46: 
     47:   // We may have an iterator that derives from _Safe_iterator_base but isn't

# 2 0x0042C98D in E:\Проэкт стрелялка\Проэкт стрелялка\bin\Debug\Проэкт стрелялка.exe: main() at E:/Проэкт стрелялка/Проэкт стрелялка/main.cpp (152):

    150:             //for(int i=0; i<count_tank2; i++)
    151:             {
=>  152:                 tank2[0].draw();
    153:                 tank2[1].draw();
    154:             }

--------------------------------------------------
Стек вызовов TX:

# 0 in bool {anonymous}::TX::txTransparentBlt(HDC, double, double, double, double, HDC, double, double, COLORREF) at c:\codeblocks\codeblocks\mingw\include\txlib.h (13657):

  13655: 
  13656: $1  if (_TX_HDC_FAILED (destImage))   return false;
=>13657: $   if (_TX_HDC_FAILED (sourceImage)) return false;
  13658: 
  13659:     // Это автоматическое определение размеров картинки (точнее, HDC источника - source) с помощью txGetExtent().

# 1 in void Tank::draw() at E:\Проэкт стрелялка\Проэкт стрелялка\main.cpp (27):

     25:             else if(image == up)
     26:             {
=>   27:                 txTransparentBlt(txDC(), x, y, h, w, image, 0, 0, TX_BLACK);
     28:             }
     29:         }

--------------------------------------------------
Developed with:

The Dumb Artist Library (TX Library)
TXLib [Ver: 00173a, Rev: 171, Date: 2022-07-23 02:08:28 +0400]
Copyright (C) Ded (Ilya Dedinsky, http://txlib.ru) <mail@txlib.ru>
See license on: http://txlib.ru

TXLib file:	c:\codeblocks\codeblocks\mingw\include\txlib.h
Compiled:	Mar 22 2024 18:11:57, GNU g++ 4.8.1, std=201103L, MinGW Runtime 3.20, 32-bit, DEBUG
Started:	Mar 22 2024 18:12:24

Run file:	E:\Проэкт стрелялка\Проэкт стрелялка\bin\Debug\Проэкт стрелялка.exe
Directory:	E:\Проэкт стрелялка\Проэкт стрелялка

--------------------------------------------------

--------------------------------------------------
TXLib соболезнует...

Программа: E:\Проэкт стрелялка\Проэкт стрелялка\bin\Debug\Проэкт стрелялка.exe, файл: c:\codeblocks\codeblocks\mingw\include\txlib.h, строка: 13677, функция: bool {anonymous}::TX::txTransparentBlt(HDC, double, double, double, double, HDC, double, double, COLORREF),

Сообщение: Параметр "sourceImage" неверен. Возможно, этот холст не создан, или уже уничтожен, или не загрузилась картинка.

#1: TXLib [Ver: 00173a, Rev: 172, Date: 2023-09-05 19:24:34 +0400], Instance: 0x005072FC (32-bit), Flags: CMdRe0, Thread: 0x1330 (Main), GetLastError(): 13 (Недопустимые данные). 

--------------------------------------------------
Стек вызовов:

# 0 0x004227F1 in E:\Проэкт стрелялка\Проэкт стрелялка\bin\Debug\Проэкт стрелялка.exe: txTransparentBlt() at c:/codeblocks/codeblocks/mingw/include/txlib.h (13677)

# 1 0x0044C918 in E:\Проэкт стрелялка\Проэкт стрелялка\bin\Debug\Проэкт стрелялка.exe: draw() at c:/codeblocks/codeblocks/mingw/include/c++/4.8.1/debug/functions.h (45):

     43:   // An arbitrary iterator pointer is not singular.
     44:   inline bool
=>   45:   __check_singular_aux(const void*) { return false; }
     46: 
     47:   // We may have an iterator that derives from _Safe_iterator_base but isn't

# 2 0x0042D59A in E:\Проэкт стрелялка\Проэкт стрелялка\bin\Debug\Проэкт стрелялка.exe: main() at E:/Проэкт стрелялка/Проэкт стрелялка/main.cpp (300):

    298:             tank1.draw();
    299:             bul.draw();
=>  300:             su100.draw();
    301:             //ифы и управление для E 100
    302:             if(GetAsyncKeyState('W'))

--------------------------------------------------
Стек вызовов TX:

# 0 in bool {anonymous}::TX::txTransparentBlt(HDC, double, double, double, double, HDC, double, double, COLORREF) at c:\codeblocks\codeblocks\mingw\include\txlib.h (13677):

  13675: 
  13676: $1  if (_TX_HDC_FAILED (destImage))   return false;
=>13677: $   if (_TX_HDC_FAILED (sourceImage)) return false;
  13678: 
  13679:     // Это автоматическое определение размеров картинки (точнее, HDC источника - source) с помощью txGetExtent().

# 1 in void SU_100::draw() at E:\Проэкт стрелялка\Проэкт стрелялка\main.cpp (92):

     90:             if(image == down)
     91:             {
=>   92:                 txTransparentBlt(txDC(), x, y, h, w, image, 0, 0, TX_BLACK);
     93:             }
     94:         }

--------------------------------------------------
Developed with:

The Dumb Artist Library (TX Library)
TXLib [Ver: 00173a, Rev: 172, Date: 2023-09-05 19:24:34 +0400]
Copyright (C) Ded (Ilya Dedinsky, http://txlib.ru) <mail@txlib.ru>
See license on: http://txlib.ru

TXLib file:	c:\codeblocks\codeblocks\mingw\include\txlib.h
Compiled:	Apr  5 2024 18:02:07, GNU g++ 4.8.1, std=201103L, MinGW Runtime 3.20, 32-bit, DEBUG
Started:	Apr 05 2024 18:02:31

Run file:	E:\Проэкт стрелялка\Проэкт стрелялка\bin\Debug\Проэкт стрелялка.exe
Directory:	E:\Проэкт стрелялка\Проэкт стрелялка

--------------------------------------------------

--------------------------------------------------
TXLib соболезнует...

Программа: E:\Проэкт стрелялка\Проэкт стрелялка\bin\Debug\Проэкт стрелялка.exe, файл: c:\codeblocks\codeblocks\mingw\include\txlib.h, строка: 13677, функция: bool {anonymous}::TX::txTransparentBlt(HDC, double, double, double, double, HDC, double, double, COLORREF),

Сообщение: Параметр "sourceImage" неверен. Возможно, этот холст не создан, или уже уничтожен, или не загрузилась картинка.

#1: TXLib [Ver: 00173a, Rev: 172, Date: 2023-09-05 19:24:34 +0400], Instance: 0x005072FC (32-bit), Flags: CMdRe0, Thread: 0x1620 (Main), GetLastError(): 13 (Недопустимые данные). 

--------------------------------------------------
Стек вызовов:

# 0 0x004227F1 in E:\Проэкт стрелялка\Проэкт стрелялка\bin\Debug\Проэкт стрелялка.exe: txTransparentBlt() at c:/codeblocks/codeblocks/mingw/include/txlib.h (13677)

# 1 0x0044C968 in E:\Проэкт стрелялка\Проэкт стрелялка\bin\Debug\Проэкт стрелялка.exe: draw() at c:/codeblocks/codeblocks/mingw/include/c++/4.8.1/debug/functions.h (45):

     43:   // An arbitrary iterator pointer is not singular.
     44:   inline bool
=>   45:   __check_singular_aux(const void*) { return false; }
     46: 
     47:   // We may have an iterator that derives from _Safe_iterator_base but isn't

# 2 0x0042D59A in E:\Проэкт стрелялка\Проэкт стрелялка\bin\Debug\Проэкт стрелялка.exe: main() at E:/Проэкт стрелялка/Проэкт стрелялка/main.cpp (300):

    298:             tank1.draw();
    299:             bul.draw();
=>  300:             su100.draw();
    301:             //ифы и управление для E 100
    302:             if(GetAsyncKeyState('W'))

--------------------------------------------------
Стек вызовов TX:

# 0 in bool {anonymous}::TX::txTransparentBlt(HDC, double, double, double, double, HDC, double, double, COLORREF) at c:\codeblocks\codeblocks\mingw\include\txlib.h (13677):

  13675: 
  13676: $1  if (_TX_HDC_FAILED (destImage))   return false;
=>13677: $   if (_TX_HDC_FAILED (sourceImage)) return false;
  13678: 
  13679:     // Это автоматическое определение размеров картинки (точнее, HDC источника - source) с помощью txGetExtent().

# 1 in void SU_100::draw() at E:\Проэкт стрелялка\Проэкт стрелялка\main.cpp (92):

     90:             if(image == down)
     91:             {
=>   92:                 txTransparentBlt(txDC(), x, y, h, w, image, 0, 0, TX_BLACK);
     93:             }
     94:         }

--------------------------------------------------
Developed with:

The Dumb Artist Library (TX Library)
TXLib [Ver: 00173a, Rev: 172, Date: 2023-09-05 19:24:34 +0400]
Copyright (C) Ded (Ilya Dedinsky, http://txlib.ru) <mail@txlib.ru>
See license on: http://txlib.ru

TXLib file:	c:\codeblocks\codeblocks\mingw\include\txlib.h
Compiled:	Apr  5 2024 18:28:23, GNU g++ 4.8.1, std=201103L, MinGW Runtime 3.20, 32-bit, DEBUG
Started:	Apr 05 2024 18:28:57

Run file:	E:\Проэкт стрелялка\Проэкт стрелялка\bin\Debug\Проэкт стрелялка.exe
Directory:	E:\Проэкт стрелялка\Проэкт стрелялка

--------------------------------------------------

--------------------------------------------------
TXLib соболезнует...

Программа: E:\Проэкт стрелялка\Проэкт стрелялка\bin\Debug\Проэкт стрелялка.exe, файл: c:\codeblocks\codeblocks\mingw\include\txlib.h, строка: 13657, функция: bool {anonymous}::TX::txTransparentBlt(HDC, double, double, double, double, HDC, double, double, COLORREF),

Сообщение: Параметр "sourceImage" неверен. Возможно, этот холст не создан, или уже уничтожен, или не загрузилась картинка.

#1: TXLib [Ver: 00173a, Rev: 171, Date: 2022-07-23 02:08:28 +0400], Instance: 0x005072FC (32-bit), Flags: CMdRe0, Thread: 0x5258 (Main), GetLastError(): 13 (Недопустимые данные). 

--------------------------------------------------
Стек вызовов:

# 0 0x004226F0 in E:\Проэкт стрелялка\Проэкт стрелялка\bin\Debug\Проэкт стрелялка.exe: txTransparentBlt() at c:/codeblocks/codeblocks/mingw/include/txlib.h (13657)

# 1 0x0044C5E8 in E:\Проэкт стрелялка\Проэкт стрелялка\bin\Debug\Проэкт стрелялка.exe: draw() at c:/codeblocks/codeblocks/mingw/include/c++/4.8.1/debug/functions.h (45):

     43:   // An arbitrary iterator pointer is not singular.
     44:   inline bool
=>   45:   __check_singular_aux(const void*) { return false; }
     46: 
     47:   // We may have an iterator that derives from _Safe_iterator_base but isn't

# 2 0x0042D22C in E:\Проэкт стрелялка\Проэкт стрелялка\bin\Debug\Проэкт стрелялка.exe: main() at E:/Проэкт стрелялка/Проэкт стрелялка/main.cpp (300):

    298:             tank1.draw();
    299:             bul.draw();
=>  300:             su100.draw();
    301:             //ифы и управление для E 100
    302:             if(GetAsyncKeyState('W'))

--------------------------------------------------
Стек вызовов TX:

# 0 in bool {anonymous}::TX::txTransparentBlt(HDC, double, double, double, double, HDC, double, double, COLORREF) at c:\codeblocks\codeblocks\mingw\include\txlib.h (13657):

  13655: 
  13656: $1  if (_TX_HDC_FAILED (destImage))   return false;
=>13657: $   if (_TX_HDC_FAILED (sourceImage)) return false;
  13658: 
  13659:     // Это автоматическое определение размеров картинки (точнее, HDC источника - source) с помощью txGetExtent().

# 1 in void SU_100::draw() at E:\Проэкт стрелялка\Проэкт стрелялка\main.cpp (92):

     90:             if(image == down)
     91:             {
=>   92:                 txTransparentBlt(txDC(), x, y, h, w, image, 0, 0, TX_BLACK);
     93:             }
     94:         }

--------------------------------------------------
Developed with:

The Dumb Artist Library (TX Library)
TXLib [Ver: 00173a, Rev: 171, Date: 2022-07-23 02:08:28 +0400]
Copyright (C) Ded (Ilya Dedinsky, http://txlib.ru) <mail@txlib.ru>
See license on: http://txlib.ru

TXLib file:	c:\codeblocks\codeblocks\mingw\include\txlib.h
Compiled:	Apr  8 2024 17:16:10, GNU g++ 4.8.1, std=201103L, MinGW Runtime 3.20, 32-bit, DEBUG
Started:	Apr 08 2024 17:16:44

Run file:	E:\Проэкт стрелялка\Проэкт стрелялка\bin\Debug\Проэкт стрелялка.exe
Directory:	E:\Проэкт стрелялка\Проэкт стрелялка

--------------------------------------------------

--------------------------------------------------
TXLib соболезнует...

Программа: E:\Проэкт стрелялка\Проэкт стрелялка\bin\Debug\Проэкт стрелялка.exe, файл: c:\codeblocks\codeblocks\mingw\include\txlib.h, строка: 13657, функция: bool {anonymous}::TX::txTransparentBlt(HDC, double, double, double, double, HDC, double, double, COLORREF),

Сообщение: Параметр "sourceImage" неверен. Возможно, этот холст не создан, или уже уничтожен, или не загрузилась картинка.

#1: TXLib [Ver: 00173a, Rev: 171, Date: 2022-07-23 02:08:28 +0400], Instance: 0x005072FC (32-bit), Flags: CMdRe0, Thread: 0x4060 (Main), GetLastError(): 13 (Недопустимые данные). 

--------------------------------------------------
Стек вызовов:

# 0 0x004226F0 in E:\Проэкт стрелялка\Проэкт стрелялка\bin\Debug\Проэкт стрелялка.exe: txTransparentBlt() at c:/codeblocks/codeblocks/mingw/include/txlib.h (13657)

# 1 0x0044C888 in E:\Проэкт стрелялка\Проэкт стрелялка\bin\Debug\Проэкт стрелялка.exe: draw() at c:/codeblocks/codeblocks/mingw/include/c++/4.8.1/debug/functions.h (45):

     43:   // An arbitrary iterator pointer is not singular.
     44:   inline bool
=>   45:   __check_singular_aux(const void*) { return false; }
     46: 
     47:   // We may have an iterator that derives from _Safe_iterator_base but isn't

# 2 0x0042D4E7 in E:\Проэкт стрелялка\Проэкт стрелялка\bin\Debug\Проэкт стрелялка.exe: main() at E:/Проэкт стрелялка/Проэкт стрелялка/main.cpp (356):

    354:             for(int i=0; i<count_100; i++)
    355:             {
=>  356:                 su100[i].draw();
    357:             }
    358:              for(int i=0; i<count_100; i++)

--------------------------------------------------
Стек вызовов TX:

# 0 in bool {anonymous}::TX::txTransparentBlt(HDC, double, double, double, double, HDC, double, double, COLORREF) at c:\codeblocks\codeblocks\mingw\include\txlib.h (13657):

  13655: 
  13656: $1  if (_TX_HDC_FAILED (destImage))   return false;
=>13657: $   if (_TX_HDC_FAILED (sourceImage)) return false;
  13658: 
  13659:     // Это автоматическое определение размеров картинки (точнее, HDC источника - source) с помощью txGetExtent().

# 1 in void SU_100::draw() at E:\Проэкт стрелялка\Проэкт стрелялка\main.cpp (92):

     90:             if(image == down)
     91:             {
=>   92:                 txTransparentBlt(txDC(), x, y, h, w, image, 0, 0, TX_BLACK);
     93:             }
     94:         }

--------------------------------------------------
Developed with:

The Dumb Artist Library (TX Library)
TXLib [Ver: 00173a, Rev: 171, Date: 2022-07-23 02:08:28 +0400]
Copyright (C) Ded (Ilya Dedinsky, http://txlib.ru) <mail@txlib.ru>
See license on: http://txlib.ru

TXLib file:	c:\codeblocks\codeblocks\mingw\include\txlib.h
Compiled:	Apr  8 2024 17:59:40, GNU g++ 4.8.1, std=201103L, MinGW Runtime 3.20, 32-bit, DEBUG
Started:	Apr 08 2024 18:00:05

Run file:	E:\Проэкт стрелялка\Проэкт стрелялка\bin\Debug\Проэкт стрелялка.exe
Directory:	E:\Проэкт стрелялка\Проэкт стрелялка

--------------------------------------------------

--------------------------------------------------
TXLib соболезнует...

Программа: E:\Проэкт стрелялка\Проэкт стрелялка\bin\Debug\Проэкт стрелялка.exe, файл: c:\codeblocks\codeblocks\mingw\include\txlib.h, строка: 13657, функция: bool {anonymous}::TX::txTransparentBlt(HDC, double, double, double, double, HDC, double, double, COLORREF),

Сообщение: Параметр "sourceImage" неверен. Возможно, этот холст не создан, или уже уничтожен, или не загрузилась картинка.

#1: TXLib [Ver: 00173a, Rev: 171, Date: 2022-07-23 02:08:28 +0400], Instance: 0x005072FC (32-bit), Flags: CMdRe0, Thread: 0x6594 (Main), GetLastError(): 13 (Недопустимые данные). 

--------------------------------------------------
Стек вызовов:

# 0 0x004226F0 in E:\Проэкт стрелялка\Проэкт стрелялка\bin\Debug\Проэкт стрелялка.exe: txTransparentBlt() at c:/codeblocks/codeblocks/mingw/include/txlib.h (13657)

# 1 0x0044C918 in E:\Проэкт стрелялка\Проэкт стрелялка\bin\Debug\Проэкт стрелялка.exe: draw() at c:/codeblocks/codeblocks/mingw/include/c++/4.8.1/debug/functions.h (45):

     43:   // An arbitrary iterator pointer is not singular.
     44:   inline bool
=>   45:   __check_singular_aux(const void*) { return false; }
     46: 
     47:   // We may have an iterator that derives from _Safe_iterator_base but isn't

# 2 0x0042D4F0 in E:\Проэкт стрелялка\Проэкт стрелялка\bin\Debug\Проэкт стрелялка.exe: main() at E:/Проэкт стрелялка/Проэкт стрелялка/main.cpp (356):

    354:             for(int i=0; i<count_100; i++)
    355:             {
=>  356:                 su100[i].draw();
    357:             }
    358: 

--------------------------------------------------
Стек вызовов TX:

# 0 in bool {anonymous}::TX::txTransparentBlt(HDC, double, double, double, double, HDC, double, double, COLORREF) at c:\codeblocks\codeblocks\mingw\include\txlib.h (13657):

  13655: 
  13656: $1  if (_TX_HDC_FAILED (destImage))   return false;
=>13657: $   if (_TX_HDC_FAILED (sourceImage)) return false;
  13658: 
  13659:     // Это автоматическое определение размеров картинки (точнее, HDC источника - source) с помощью txGetExtent().

# 1 in void SU_100::draw() at E:\Проэкт стрелялка\Проэкт стрелялка\main.cpp (92):

     90:             if(image == down)
     91:             {
=>   92:                 txTransparentBlt(txDC(), x, y, h, w, image, 0, 0, TX_BLACK);
     93:             }
     94:         }

--------------------------------------------------
Developed with:

The Dumb Artist Library (TX Library)
TXLib [Ver: 00173a, Rev: 171, Date: 2022-07-23 02:08:28 +0400]
Copyright (C) Ded (Ilya Dedinsky, http://txlib.ru) <mail@txlib.ru>
See license on: http://txlib.ru

TXLib file:	c:\codeblocks\codeblocks\mingw\include\txlib.h
Compiled:	Apr  8 2024 18:17:58, GNU g++ 4.8.1, std=201103L, MinGW Runtime 3.20, 32-bit, DEBUG
Started:	Apr 08 2024 18:18:27

Run file:	E:\Проэкт стрелялка\Проэкт стрелялка\bin\Debug\Проэкт стрелялка.exe
Directory:	E:\Проэкт стрелялка\Проэкт стрелялка

--------------------------------------------------

--------------------------------------------------
TXLib соболезнует...

Программа: E:\Проэкт стрелялка\Проэкт стрелялка\bin\Debug\Проэкт стрелялка.exe, файл: c:\codeblocks\codeblocks\mingw\include\txlib.h, строка: 13657, функция: bool {anonymous}::TX::txTransparentBlt(HDC, double, double, double, double, HDC, double, double, COLORREF),

Сообщение: Параметр "sourceImage" неверен. Возможно, этот холст не создан, или уже уничтожен, или не загрузилась картинка.

#1: TXLib [Ver: 00173a, Rev: 171, Date: 2022-07-23 02:08:28 +0400], Instance: 0x005072FC (32-bit), Flags: CMdRe0, Thread: 0x3A50 (Main), GetLastError(): 13 (Недопустимые данные). 

--------------------------------------------------
Стек вызовов:

# 0 0x004226F0 in E:\Проэкт стрелялка\Проэкт стрелялка\bin\Debug\Проэкт стрелялка.exe: txTransparentBlt() at c:/codeblocks/codeblocks/mingw/include/txlib.h (13657)

# 1 0x0044C918 in E:\Проэкт стрелялка\Проэкт стрелялка\bin\Debug\Проэкт стрелялка.exe: draw() at c:/codeblocks/codeblocks/mingw/include/c++/4.8.1/debug/functions.h (45):

     43:   // An arbitrary iterator pointer is not singular.
     44:   inline bool
=>   45:   __check_singular_aux(const void*) { return false; }
     46: 
     47:   // We may have an iterator that derives from _Safe_iterator_base but isn't

# 2 0x0042D4F0 in E:\Проэкт стрелялка\Проэкт стрелялка\bin\Debug\Проэкт стрелялка.exe: main() at E:/Проэкт стрелялка/Проэкт стрелялка/main.cpp (356):

    354:             for(int i=0; i<count_100; i++)
    355:             {
=>  356:                 su100[i].draw();
    357:             }
    358: 

--------------------------------------------------
Стек вызовов TX:

# 0 in bool {anonymous}::TX::txTransparentBlt(HDC, double, double, double, double, HDC, double, double, COLORREF) at c:\codeblocks\codeblocks\mingw\include\txlib.h (13657):

  13655: 
  13656: $1  if (_TX_HDC_FAILED (destImage))   return false;
=>13657: $   if (_TX_HDC_FAILED (sourceImage)) return false;
  13658: 
  13659:     // Это автоматическое определение размеров картинки (точнее, HDC источника - source) с помощью txGetExtent().

# 1 in void SU_100::draw() at E:\Проэкт стрелялка\Проэкт стрелялка\main.cpp (92):

     90:             if(image == down)
     91:             {
=>   92:                 txTransparentBlt(txDC(), x, y, h, w, image, 0, 0, TX_BLACK);
     93:             }
     94:         }

--------------------------------------------------
Developed with:

The Dumb Artist Library (TX Library)
TXLib [Ver: 00173a, Rev: 171, Date: 2022-07-23 02:08:28 +0400]
Copyright (C) Ded (Ilya Dedinsky, http://txlib.ru) <mail@txlib.ru>
See license on: http://txlib.ru

TXLib file:	c:\codeblocks\codeblocks\mingw\include\txlib.h
Compiled:	Apr  8 2024 18:25:35, GNU g++ 4.8.1, std=201103L, MinGW Runtime 3.20, 32-bit, DEBUG
Started:	Apr 08 2024 18:26:09

Run file:	E:\Проэкт стрелялка\Проэкт стрелялка\bin\Debug\Проэкт стрелялка.exe
Directory:	E:\Проэкт стрелялка\Проэкт стрелялка

--------------------------------------------------

--------------------------------------------------
TXLib соболезнует...

Программа: D:\Проэкт стрелялка\Проэкт стрелялка\bin\Debug\Проэкт стрелялка.exe, файл: c:\codeblocks\codeblocks\mingw\include\txlib.h, строка: 13766, функция: bool {anonymous}::TX::txTransparentBlt(HDC, double, double, double, double, HDC, double, double, COLORREF),

Сообщение: Параметр "sourceImage" неверен. Возможно, этот холст не создан, или уже уничтожен, или не загрузилась картинка.

#1: TXLib [Ver: 00173a, Rev: 173, Date: 2024-03-24 01:30:00 +0400], Instance: 0x005082FC (32-bit), Flags: CMdRe0, Thread: 0x23E8 (Main), GetLastError(): 13 (Недопустимые данные). 

--------------------------------------------------
Стек вызовов:

# 0 0x00422DFB in D:\Проэкт стрелялка\Проэкт стрелялка\bin\Debug\Проэкт стрелялка.exe: txTransparentBlt() at c:/codeblocks/codeblocks/mingw/include/txlib.h (13766)

# 1 0x0044D2A8 in D:\Проэкт стрелялка\Проэкт стрелялка\bin\Debug\Проэкт стрелялка.exe: draw() at c:/codeblocks/codeblocks/mingw/include/c++/4.8.1/debug/functions.h (45):

     43:   // An arbitrary iterator pointer is not singular.
     44:   inline bool
=>   45:   __check_singular_aux(const void*) { return false; }
     46: 
     47:   // We may have an iterator that derives from _Safe_iterator_base but isn't

# 2 0x0042DE4C in D:\Проэкт стрелялка\Проэкт стрелялка\bin\Debug\Проэкт стрелялка.exe: main() at D:/Проэкт стрелялка/Проэкт стрелялка/main.cpp (356):

    354:             for(int i=0; i<count_100; i++)
    355:             {
=>  356:                 su100[i].draw();
    357:             }
    358: 

--------------------------------------------------
Стек вызовов TX:

# 0 in bool {anonymous}::TX::txTransparentBlt(HDC, double, double, double, double, HDC, double, double, COLORREF) at c:\codeblocks\codeblocks\mingw\include\txlib.h:13766:

  13764: 
  13765: $1  if (_TX_HDC_FAILED (destImage))   return false;
=>13766: $   if (_TX_HDC_FAILED (sourceImage)) return false;
  13767: 
  13768:     // Это автоматическое определение размеров картинки (точнее, HDC источника - source) с помощью txGetExtent().

# 1 in void SU_100::draw() at D:\Проэкт стрелялка\Проэкт стрелялка\main.cpp:92:

     90:             if(image == down)
     91:             {
=>   92:                 txTransparentBlt(txDC(), x, y, h, w, image, 0, 0, TX_BLACK);
     93:             }
     94:         }

--------------------------------------------------
Developed with:

The Dumb Artist Library (TX Library)
TXLib [Ver: 00173a, Rev: 173, Date: 2024-03-24 01:30:00 +0400]
Copyright (C) Ded (Ilya Dedinsky, http://txlib.ru) <mail@txlib.ru>
See license on: http://txlib.ru

TXLib file:	c:\codeblocks\codeblocks\mingw\include\txlib.h
Compiled:	Apr  9 2024 14:12:17, GNU g++ 4.8.1, std=201103L, MinGW Runtime 3.20, 32-bit, DEBUG
Started:	Apr 09 2024 14:12:40

Run file:	D:\Проэкт стрелялка\Проэкт стрелялка\bin\Debug\Проэкт стрелялка.exe
Directory:	D:\Проэкт стрелялка\Проэкт стрелялка

--------------------------------------------------

--------------------------------------------------
TXLib сообщает:

Программа: D:\Проэкт стрелялка\Проэкт стрелялка\bin\Debug\Проэкт стрелялка.exe, файл: c:\codeblocks\codeblocks\mingw\include\txlib.h, строка: 13787, функция: bool {anonymous}::TX::txTransparentBlt(HDC, double, double, double, double, HDC, double, double, COLORREF),

Сообщение: Прямоугольник копируемой области {0, 0, 250, 150} не полностью лежит внутри изображения-источника {0, 0, 150, 250}, функция txTransparentBlt() работать не будет.

#1: TXLib [Ver: 00173a, Rev: 173, Date: 2024-03-24 01:30:00 +0400], Instance: 0x005082FC (32-bit), Flags: CMdRe0, Thread: 0x6B0 (Main), GetLastError(): 13 (Недопустимые данные). 
From: c:\codeblocks\codeblocks\mingw\include\txlib.h:13786 bool {anonymous}::TX::txTransparentBlt(HDC, double, double, double, double, HDC, double, double, COLORREF).

--------------------------------------------------
Стек вызовов:

# 0 0x00422FF7 in D:\Проэкт стрелялка\Проэкт стрелялка\bin\Debug\Проэкт стрелялка.exe: txTransparentBlt() at c:/codeblocks/codeblocks/mingw/include/txlib.h (13787)

# 1 0x0044D295 in D:\Проэкт стрелялка\Проэкт стрелялка\bin\Debug\Проэкт стрелялка.exe: draw() at c:/codeblocks/codeblocks/mingw/include/c++/4.8.1/debug/functions.h (45):

     43:   // An arbitrary iterator pointer is not singular.
     44:   inline bool
=>   45:   __check_singular_aux(const void*) { return false; }
     46: 
     47:   // We may have an iterator that derives from _Safe_iterator_base but isn't

# 2 0x0042DE4C in D:\Проэкт стрелялка\Проэкт стрелялка\bin\Debug\Проэкт стрелялка.exe: main() at D:/Проэкт стрелялка/Проэкт стрелялка/main.cpp (356):

    354:             for(int i=0; i<count_100; i++)
    355:             {
=>  356:                 su100[i].draw();
    357:             }
    358: 

--------------------------------------------------
Стек вызовов TX:

# 0 in bool {anonymous}::TX::txTransparentBlt(HDC, double, double, double, double, HDC, double, double, COLORREF) at c:\codeblocks\codeblocks\mingw\include\txlib.h:13786:

  13784:         {
  13785: $       SetLastError (ERROR_INVALID_DATA);
=>13786: $       TX_ERROR ("Прямоугольник копируемой области {%g, %g, %g, %g} не полностью лежит внутри изображения-источника {%d, %d, %d, %d}, "
  13787:                   "функция txTransparentBlt() работать не будет.", xSource, ySource, xSource + width, ySource + height, 0, 0, (int) size.x, (int) size.y);
  13788:         }

# 1 in void SU_100::draw() at D:\Проэкт стрелялка\Проэкт стрелялка\main.cpp:92:

     90:             //if(image == down)
     91:             {
=>   92:                 txTransparentBlt(txDC(), x, y, h, w, image, 0, 0, TX_BLACK);
     93:             }
     94:         }

--------------------------------------------------
Developed with:

The Dumb Artist Library (TX Library)
TXLib [Ver: 00173a, Rev: 173, Date: 2024-03-24 01:30:00 +0400]
Copyright (C) Ded (Ilya Dedinsky, http://txlib.ru) <mail@txlib.ru>
See license on: http://txlib.ru

TXLib file:	c:\codeblocks\codeblocks\mingw\include\txlib.h
Compiled:	Apr  9 2024 14:23:43, GNU g++ 4.8.1, std=201103L, MinGW Runtime 3.20, 32-bit, DEBUG
Started:	Apr 09 2024 14:24:01

Run file:	D:\Проэкт стрелялка\Проэкт стрелялка\bin\Debug\Проэкт стрелялка.exe
Directory:	D:\Проэкт стрелялка\Проэкт стрелялка

--------------------------------------------------

--------------------------------------------------
TXLib сообщает:

Программа: D:\Проэкт стрелялка\Проэкт стрелялка\bin\Debug\Проэкт стрелялка.exe, файл: c:\codeblocks\codeblocks\mingw\include\txlib.h, строка: 13787, функция: bool {anonymous}::TX::txTransparentBlt(HDC, double, double, double, double, HDC, double, double, COLORREF),

Сообщение: Прямоугольник копируемой области {0, 0, 250, 150} не полностью лежит внутри изображения-источника {0, 0, 150, 250}, функция txTransparentBlt() работать не будет.

#2: TXLib [Ver: 00173a, Rev: 173, Date: 2024-03-24 01:30:00 +0400], Instance: 0x005082FC (32-bit), Flags: CMdRe0, Thread: 0x6B0 (Main), GetLastError(): 13 (Недопустимые данные). 
From: c:\codeblocks\codeblocks\mingw\include\txlib.h:13786 bool {anonymous}::TX::txTransparentBlt(HDC, double, double, double, double, HDC, double, double, COLORREF).

--------------------------------------------------
Стек вызовов:

# 0 0x00422FF7 in D:\Проэкт стрелялка\Проэкт стрелялка\bin\Debug\Проэкт стрелялка.exe: txTransparentBlt() at c:/codeblocks/codeblocks/mingw/include/txlib.h (13787)

# 1 0x0044D295 in D:\Проэкт стрелялка\Проэкт стрелялка\bin\Debug\Проэкт стрелялка.exe: draw() at c:/codeblocks/codeblocks/mingw/include/c++/4.8.1/debug/functions.h (45):

     43:   // An arbitrary iterator pointer is not singular.
     44:   inline bool
=>   45:   __check_singular_aux(const void*) { return false; }
     46: 
     47:   // We may have an iterator that derives from _Safe_iterator_base but isn't

# 2 0x0042DE4C in D:\Проэкт стрелялка\Проэкт стрелялка\bin\Debug\Проэкт стрелялка.exe: main() at D:/Проэкт стрелялка/Проэкт стрелялка/main.cpp (356):

    354:             for(int i=0; i<count_100; i++)
    355:             {
=>  356:                 su100[i].draw();
    357:             }
    358: 

--------------------------------------------------
Стек вызовов TX:

# 0 in bool {anonymous}::TX::txTransparentBlt(HDC, double, double, double, double, HDC, double, double, COLORREF) at c:\codeblocks\codeblocks\mingw\include\txlib.h:13786:

  13784:         {
  13785: $       SetLastError (ERROR_INVALID_DATA);
=>13786: $       TX_ERROR ("Прямоугольник копируемой области {%g, %g, %g, %g} не полностью лежит внутри изображения-источника {%d, %d, %d, %d}, "
  13787:                   "функция txTransparentBlt() работать не будет.", xSource, ySource, xSource + width, ySource + height, 0, 0, (int) size.x, (int) size.y);
  13788:         }

# 1 in void SU_100::draw() at D:\Проэкт стрелялка\Проэкт стрелялка\main.cpp:92:

     90:             //if(image == down)
     91:             {
=>   92:                 txTransparentBlt(txDC(), x, y, h, w, image, 0, 0, TX_BLACK);
     93:             }
     94:         }

--------------------------------------------------
Developed with:

The Dumb Artist Library (TX Library)
TXLib [Ver: 00173a, Rev: 173, Date: 2024-03-24 01:30:00 +0400]
Copyright (C) Ded (Ilya Dedinsky, http://txlib.ru) <mail@txlib.ru>
See license on: http://txlib.ru

TXLib file:	c:\codeblocks\codeblocks\mingw\include\txlib.h
Compiled:	Apr  9 2024 14:23:43, GNU g++ 4.8.1, std=201103L, MinGW Runtime 3.20, 32-bit, DEBUG
Started:	Apr 09 2024 14:24:00

Run file:	D:\Проэкт стрелялка\Проэкт стрелялка\bin\Debug\Проэкт стрелялка.exe
Directory:	D:\Проэкт стрелялка\Проэкт стрелялка

--------------------------------------------------

--------------------------------------------------
TXLib сообщает:

Программа: E:\Проэкт стрелялка\Проэкт стрелялка\bin\Debug\Проэкт стрелялка.exe, файл: c:\codeblocks\codeblocks\mingw\include\txlib.h, строка: 13678, функция: bool {anonymous}::TX::txTransparentBlt(HDC, double, double, double, double, HDC, double, double, COLORREF),

Сообщение: Прямоугольник копируемой области {0, 0, 100, 200} не полностью лежит внутри изображения-источника {0, 0, 200, 100}, функция txTransparentBlt() работать не будет.

#1: TXLib [Ver: 00173a, Rev: 171, Date: 2022-07-23 02:08:28 +0400], Instance: 0x005082FC (32-bit), Flags: CMdRe0, Thread: 0x2548 (Main), GetLastError(): 13 (Недопустимые данные). 
From: c:\codeblocks\codeblocks\mingw\include\txlib.h (13677) bool {anonymous}::TX::txTransparentBlt(HDC, double, double, double, double, HDC, double, double, COLORREF).

--------------------------------------------------
Стек вызовов:

# 0 0x004228EC in E:\Проэкт стрелялка\Проэкт стрелялка\bin\Debug\Проэкт стрелялка.exe: txTransparentBlt() at c:/codeblocks/codeblocks/mingw/include/txlib.h (13678)

# 1 0x0044DA15 in E:\Проэкт стрелялка\Проэкт стрелялка\bin\Debug\Проэкт стрелялка.exe: draw() at c:/codeblocks/codeblocks/mingw/include/c++/4.8.1/debug/functions.h (45):

     43:   // An arbitrary iterator pointer is not singular.
     44:   inline bool
=>   45:   __check_singular_aux(const void*) { return false; }
     46: 
     47:   // We may have an iterator that derives from _Safe_iterator_base but isn't

# 2 0x0042DD28 in E:\Проэкт стрелялка\Проэкт стрелялка\bin\Debug\Проэкт стрелялка.exe: main() at E:/Проэкт стрелялка/Проэкт стрелялка/main.cpp (437):

    435:         {
    436:             txBitBlt(txDC(), 0, 0, 800, 600, fon1);
=>  437:             tank1.draw();
    438:             bul.draw();
    439: 

--------------------------------------------------
Стек вызовов TX:

# 0 in bool {anonymous}::TX::txTransparentBlt(HDC, double, double, double, double, HDC, double, double, COLORREF) at c:\codeblocks\codeblocks\mingw\include\txlib.h (13677):

  13675:         {
  13676: $       SetLastError (ERROR_INVALID_DATA);
=>13677: $       TX_ERROR ("Прямоугольник копируемой области {%g, %g, %g, %g} не полностью лежит внутри изображения-источника {%d, %d, %d, %d}, "
  13678:                   "функция txTransparentBlt() работать не будет.", xSource, ySource, xSource + width, ySource + height, 0, 0, (int) size.x, (int) size.y);
  13679:         }

# 1 in void Tank::draw() at E:\Проэкт стрелялка\Проэкт стрелялка\main.cpp (22):

     20:             if(image == right || image == left)
     21:             {
=>   22:                 txTransparentBlt(txDC(), x, y, w, h, image, 0, 0, TX_BLACK);
     23:             }
     24: 

--------------------------------------------------
Developed with:

The Dumb Artist Library (TX Library)
TXLib [Ver: 00173a, Rev: 171, Date: 2022-07-23 02:08:28 +0400]
Copyright (C) Ded (Ilya Dedinsky, http://txlib.ru) <mail@txlib.ru>
See license on: http://txlib.ru

TXLib file:	c:\codeblocks\codeblocks\mingw\include\txlib.h
Compiled:	May  6 2024 17:59:23, GNU g++ 4.8.1, std=201103L, MinGW Runtime 3.20, 32-bit, DEBUG
Started:	May 06 2024 17:59:55

Run file:	E:\Проэкт стрелялка\Проэкт стрелялка\bin\Debug\Проэкт стрелялка.exe
Directory:	E:\Проэкт стрелялка\Проэкт стрелялка

--------------------------------------------------

--------------------------------------------------
TXLib сообщает:

Программа: E:\Проэкт стрелялка\Проэкт стрелялка\bin\Debug\Проэкт стрелялка.exe, файл: c:\codeblocks\codeblocks\mingw\include\txlib.h, строка: 13678, функция: bool {anonymous}::TX::txTransparentBlt(HDC, double, double, double, double, HDC, double, double, COLORREF),

Сообщение: Прямоугольник копируемой области {0, 0, 100, 200} не полностью лежит внутри изображения-источника {0, 0, 200, 100}, функция txTransparentBlt() работать не будет.

#2: TXLib [Ver: 00173a, Rev: 171, Date: 2022-07-23 02:08:28 +0400], Instance: 0x005082FC (32-bit), Flags: CMdRe0, Thread: 0x2548 (Main), GetLastError(): 13 (Недопустимые данные). 
From: c:\codeblocks\codeblocks\mingw\include\txlib.h (13677) bool {anonymous}::TX::txTransparentBlt(HDC, double, double, double, double, HDC, double, double, COLORREF).

--------------------------------------------------
Стек вызовов:

# 0 0x004228EC in E:\Проэкт стрелялка\Проэкт стрелялка\bin\Debug\Проэкт стрелялка.exe: txTransparentBlt() at c:/codeblocks/codeblocks/mingw/include/txlib.h (13678)

# 1 0x0044DA15 in E:\Проэкт стрелялка\Проэкт стрелялка\bin\Debug\Проэкт стрелялка.exe: draw() at c:/codeblocks/codeblocks/mingw/include/c++/4.8.1/debug/functions.h (45):

     43:   // An arbitrary iterator pointer is not singular.
     44:   inline bool
=>   45:   __check_singular_aux(const void*) { return false; }
     46: 
     47:   // We may have an iterator that derives from _Safe_iterator_base but isn't

# 2 0x0042DD28 in E:\Проэкт стрелялка\Проэкт стрелялка\bin\Debug\Проэкт стрелялка.exe: main() at E:/Проэкт стрелялка/Проэкт стрелялка/main.cpp (437):

    435:         {
    436:             txBitBlt(txDC(), 0, 0, 800, 600, fon1);
=>  437:             tank1.draw();
    438:             bul.draw();
    439: 

--------------------------------------------------
Стек вызовов TX:

# 0 in bool {anonymous}::TX::txTransparentBlt(HDC, double, double, double, double, HDC, double, double, COLORREF) at c:\codeblocks\codeblocks\mingw\include\txlib.h (13677):

  13675:         {
  13676: $       SetLastError (ERROR_INVALID_DATA);
=>13677: $       TX_ERROR ("Прямоугольник копируемой области {%g, %g, %g, %g} не полностью лежит внутри изображения-источника {%d, %d, %d, %d}, "
  13678:                   "функция txTransparentBlt() работать не будет.", xSource, ySource, xSource + width, ySource + height, 0, 0, (int) size.x, (int) size.y);
  13679:         }

# 1 in void Tank::draw() at E:\Проэкт стрелялка\Проэкт стрелялка\main.cpp (22):

     20:             if(image == right || image == left)
     21:             {
=>   22:                 txTransparentBlt(txDC(), x, y, w, h, image, 0, 0, TX_BLACK);
     23:             }
     24: 

--------------------------------------------------
Developed with:

The Dumb Artist Library (TX Library)
TXLib [Ver: 00173a, Rev: 171, Date: 2022-07-23 02:08:28 +0400]
Copyright (C) Ded (Ilya Dedinsky, http://txlib.ru) <mail@txlib.ru>
See license on: http://txlib.ru

TXLib file:	c:\codeblocks\codeblocks\mingw\include\txlib.h
Compiled:	May  6 2024 17:59:23, GNU g++ 4.8.1, std=201103L, MinGW Runtime 3.20, 32-bit, DEBUG
Started:	May 06 2024 17:59:54

Run file:	E:\Проэкт стрелялка\Проэкт стрелялка\bin\Debug\Проэкт стрелялка.exe
Directory:	E:\Проэкт стрелялка\Проэкт стрелялка

--------------------------------------------------

--------------------------------------------------
TXLib сообщает:

Программа: E:\Проэкт стрелялка\Проэкт стрелялка\bin\Debug\Проэкт стрелялка.exe, файл: c:\codeblocks\codeblocks\mingw\include\txlib.h, строка: 13678, функция: bool {anonymous}::TX::txTransparentBlt(HDC, double, double, double, double, HDC, double, double, COLORREF),

Сообщение: Прямоугольник копируемой области {0, 0, 100, 200} не полностью лежит внутри изображения-источника {0, 0, 200, 100}, функция txTransparentBlt() работать не будет.

#1: TXLib [Ver: 00173a, Rev: 171, Date: 2022-07-23 02:08:28 +0400], Instance: 0x005082FC (32-bit), Flags: CMdRe0, Thread: 0x239C (Main), GetLastError(): 13 (Недопустимые данные). 
From: c:\codeblocks\codeblocks\mingw\include\txlib.h (13677) bool {anonymous}::TX::txTransparentBlt(HDC, double, double, double, double, HDC, double, double, COLORREF).

--------------------------------------------------
Стек вызовов:

# 0 0x004228EC in E:\Проэкт стрелялка\Проэкт стрелялка\bin\Debug\Проэкт стрелялка.exe: txTransparentBlt() at c:/codeblocks/codeblocks/mingw/include/txlib.h (13678)

# 1 0x0044DA15 in E:\Проэкт стрелялка\Проэкт стрелялка\bin\Debug\Проэкт стрелялка.exe: draw() at c:/codeblocks/codeblocks/mingw/include/c++/4.8.1/debug/functions.h (45):

     43:   // An arbitrary iterator pointer is not singular.
     44:   inline bool
=>   45:   __check_singular_aux(const void*) { return false; }
     46: 
     47:   // We may have an iterator that derives from _Safe_iterator_base but isn't

# 2 0x0042DD28 in E:\Проэкт стрелялка\Проэкт стрелялка\bin\Debug\Проэкт стрелялка.exe: main() at E:/Проэкт стрелялка/Проэкт стрелялка/main.cpp (437):

    435:         {
    436:             txBitBlt(txDC(), 0, 0, 800, 600, fon1);
=>  437:             tank1.draw();
    438:             bul.draw();
    439: 

--------------------------------------------------
Стек вызовов TX:

# 0 in bool {anonymous}::TX::txTransparentBlt(HDC, double, double, double, double, HDC, double, double, COLORREF) at c:\codeblocks\codeblocks\mingw\include\txlib.h (13677):

  13675:         {
  13676: $       SetLastError (ERROR_INVALID_DATA);
=>13677: $       TX_ERROR ("Прямоугольник копируемой области {%g, %g, %g, %g} не полностью лежит внутри изображения-источника {%d, %d, %d, %d}, "
  13678:                   "функция txTransparentBlt() работать не будет.", xSource, ySource, xSource + width, ySource + height, 0, 0, (int) size.x, (int) size.y);
  13679:         }

# 1 in void Tank::draw() at E:\Проэкт стрелялка\Проэкт стрелялка\main.cpp (22):

     20:             if(image == right || image == left)
     21:             {
=>   22:                 txTransparentBlt(txDC(), x, y, h, w, image, 0, 0, TX_BLACK);
     23:             }
     24: 

--------------------------------------------------
Developed with:

The Dumb Artist Library (TX Library)
TXLib [Ver: 00173a, Rev: 171, Date: 2022-07-23 02:08:28 +0400]
Copyright (C) Ded (Ilya Dedinsky, http://txlib.ru) <mail@txlib.ru>
See license on: http://txlib.ru

TXLib file:	c:\codeblocks\codeblocks\mingw\include\txlib.h
Compiled:	May  6 2024 18:09:51, GNU g++ 4.8.1, std=201103L, MinGW Runtime 3.20, 32-bit, DEBUG
Started:	May 06 2024 18:10:19

Run file:	E:\Проэкт стрелялка\Проэкт стрелялка\bin\Debug\Проэкт стрелялка.exe
Directory:	E:\Проэкт стрелялка\Проэкт стрелялка

--------------------------------------------------

--------------------------------------------------
TXLib сообщает:

Программа: E:\Проэкт стрелялка\Проэкт стрелялка\bin\Debug\Проэкт стрелялка.exe, файл: c:\codeblocks\codeblocks\mingw\include\txlib.h, строка: 13678, функция: bool {anonymous}::TX::txTransparentBlt(HDC, double, double, double, double, HDC, double, double, COLORREF),

Сообщение: Прямоугольник копируемой области {0, 0, 200, 100} не полностью лежит внутри изображения-источника {0, 0, 100, 200}, функция txTransparentBlt() работать не будет.

#1: TXLib [Ver: 00173a, Rev: 171, Date: 2022-07-23 02:08:28 +0400], Instance: 0x005082FC (32-bit), Flags: CMdRe0, Thread: 0x1274 (Main), GetLastError(): 13 (Недопустимые данные). 
From: c:\codeblocks\codeblocks\mingw\include\txlib.h (13677) bool {anonymous}::TX::txTransparentBlt(HDC, double, double, double, double, HDC, double, double, COLORREF).

--------------------------------------------------
Стек вызовов:

# 0 0x004228EC in E:\Проэкт стрелялка\Проэкт стрелялка\bin\Debug\Проэкт стрелялка.exe: txTransparentBlt() at c:/codeblocks/codeblocks/mingw/include/txlib.h (13678)

# 1 0x0044DAEB in E:\Проэкт стрелялка\Проэкт стрелялка\bin\Debug\Проэкт стрелялка.exe: draw() at c:/codeblocks/codeblocks/mingw/include/c++/4.8.1/debug/functions.h (45):

     43:   // An arbitrary iterator pointer is not singular.
     44:   inline bool
=>   45:   __check_singular_aux(const void*) { return false; }
     46: 
     47:   // We may have an iterator that derives from _Safe_iterator_base but isn't

# 2 0x0042DD28 in E:\Проэкт стрелялка\Проэкт стрелялка\bin\Debug\Проэкт стрелялка.exe: main() at E:/Проэкт стрелялка/Проэкт стрелялка/main.cpp (437):

    435:         {
    436:             txBitBlt(txDC(), 0, 0, 800, 600, fon1);
=>  437:             tank1.draw();
    438:             bul.draw();
    439: 

--------------------------------------------------
Стек вызовов TX:

# 0 in bool {anonymous}::TX::txTransparentBlt(HDC, double, double, double, double, HDC, double, double, COLORREF) at c:\codeblocks\codeblocks\mingw\include\txlib.h (13677):

  13675:         {
  13676: $       SetLastError (ERROR_INVALID_DATA);
=>13677: $       TX_ERROR ("Прямоугольник копируемой области {%g, %g, %g, %g} не полностью лежит внутри изображения-источника {%d, %d, %d, %d}, "
  13678:                   "функция txTransparentBlt() работать не будет.", xSource, ySource, xSource + width, ySource + height, 0, 0, (int) size.x, (int) size.y);
  13679:         }

# 1 in void Tank::draw() at E:\Проэкт стрелялка\Проэкт стрелялка\main.cpp (27):

     25:             else if(image == up)
     26:             {
=>   27:                 txTransparentBlt(txDC(), x, y, w, h, image, 0, 0, TX_BLACK);
     28:             }
     29:         }

--------------------------------------------------
Developed with:

The Dumb Artist Library (TX Library)
TXLib [Ver: 00173a, Rev: 171, Date: 2022-07-23 02:08:28 +0400]
Copyright (C) Ded (Ilya Dedinsky, http://txlib.ru) <mail@txlib.ru>
See license on: http://txlib.ru

TXLib file:	c:\codeblocks\codeblocks\mingw\include\txlib.h
Compiled:	May  6 2024 18:10:56, GNU g++ 4.8.1, std=201103L, MinGW Runtime 3.20, 32-bit, DEBUG
Started:	May 06 2024 18:11:24

Run file:	E:\Проэкт стрелялка\Проэкт стрелялка\bin\Debug\Проэкт стрелялка.exe
Directory:	E:\Проэкт стрелялка\Проэкт стрелялка

--------------------------------------------------

--------------------------------------------------
TXLib сообщает:

Программа: E:\Проэкт стрелялка\Проэкт стрелялка\bin\Debug\Проэкт стрелялка.exe, файл: c:\codeblocks\codeblocks\mingw\include\txlib.h, строка: 13678, функция: bool {anonymous}::TX::txTransparentBlt(HDC, double, double, double, double, HDC, double, double, COLORREF),

Сообщение: Прямоугольник копируемой области {0, 0, 200, 100} не полностью лежит внутри изображения-источника {0, 0, 100, 200}, функция txTransparentBlt() работать не будет.

#1: TXLib [Ver: 00173a, Rev: 171, Date: 2022-07-23 02:08:28 +0400], Instance: 0x005082FC (32-bit), Flags: CMdRe0, Thread: 0x33B4 (Main), GetLastError(): 13 (Недопустимые данные). 
From: c:\codeblocks\codeblocks\mingw\include\txlib.h (13677) bool {anonymous}::TX::txTransparentBlt(HDC, double, double, double, double, HDC, double, double, COLORREF).

--------------------------------------------------
Стек вызовов:

# 0 0x004228EC in E:\Проэкт стрелялка\Проэкт стрелялка\bin\Debug\Проэкт стрелялка.exe: txTransparentBlt() at c:/codeblocks/codeblocks/mingw/include/txlib.h (13678)

# 1 0x0044DAEB in E:\Проэкт стрелялка\Проэкт стрелялка\bin\Debug\Проэкт стрелялка.exe: draw() at c:/codeblocks/codeblocks/mingw/include/c++/4.8.1/debug/functions.h (45):

     43:   // An arbitrary iterator pointer is not singular.
     44:   inline bool
=>   45:   __check_singular_aux(const void*) { return false; }
     46: 
     47:   // We may have an iterator that derives from _Safe_iterator_base but isn't

# 2 0x0042DD28 in E:\Проэкт стрелялка\Проэкт стрелялка\bin\Debug\Проэкт стрелялка.exe: main() at E:/Проэкт стрелялка/Проэкт стрелялка/main.cpp (437):

    435:         {
    436:             txBitBlt(txDC(), 0, 0, 800, 600, fon1);
=>  437:             tank1.draw();
    438:             bul.draw();
    439: 

--------------------------------------------------
Стек вызовов TX:

# 0 in bool {anonymous}::TX::txTransparentBlt(HDC, double, double, double, double, HDC, double, double, COLORREF) at c:\codeblocks\codeblocks\mingw\include\txlib.h (13677):

  13675:         {
  13676: $       SetLastError (ERROR_INVALID_DATA);
=>13677: $       TX_ERROR ("Прямоугольник копируемой области {%g, %g, %g, %g} не полностью лежит внутри изображения-источника {%d, %d, %d, %d}, "
  13678:                   "функция txTransparentBlt() работать не будет.", xSource, ySource, xSource + width, ySource + height, 0, 0, (int) size.x, (int) size.y);
  13679:         }

# 1 in void Tank::draw() at E:\Проэкт стрелялка\Проэкт стрелялка\main.cpp (27):

     25:             else if(image == up)
     26:             {
=>   27:                 txTransparentBlt(txDC(), x, y, h, w, image, 0, 0, TX_BLACK);
     28:             }
     29:         }

--------------------------------------------------
Developed with:

The Dumb Artist Library (TX Library)
TXLib [Ver: 00173a, Rev: 171, Date: 2022-07-23 02:08:28 +0400]
Copyright (C) Ded (Ilya Dedinsky, http://txlib.ru) <mail@txlib.ru>
See license on: http://txlib.ru

TXLib file:	c:\codeblocks\codeblocks\mingw\include\txlib.h
Compiled:	May  6 2024 18:14:57, GNU g++ 4.8.1, std=201103L, MinGW Runtime 3.20, 32-bit, DEBUG
Started:	May 06 2024 18:15:29

Run file:	E:\Проэкт стрелялка\Проэкт стрелялка\bin\Debug\Проэкт стрелялка.exe
Directory:	E:\Проэкт стрелялка\Проэкт стрелялка

--------------------------------------------------

--------------------------------------------------
TXLib сообщает:

Программа: E:\Проэкт стрелялка\Проэкт стрелялка\bin\Debug\Проэкт стрелялка.exe, файл: c:\codeblocks\codeblocks\mingw\include\txlib.h, строка: 13678, функция: bool {anonymous}::TX::txTransparentBlt(HDC, double, double, double, double, HDC, double, double, COLORREF),

Сообщение: Прямоугольник копируемой области {0, 0, 200, 100} не полностью лежит внутри изображения-источника {0, 0, 100, 200}, функция txTransparentBlt() работать не будет.

#1: TXLib [Ver: 00173a, Rev: 171, Date: 2022-07-23 02:08:28 +0400], Instance: 0x005082FC (32-bit), Flags: CMdRe0, Thread: 0x1CE8 (Main), GetLastError(): 13 (Недопустимые данные). 
From: c:\codeblocks\codeblocks\mingw\include\txlib.h (13677) bool {anonymous}::TX::txTransparentBlt(HDC, double, double, double, double, HDC, double, double, COLORREF).

--------------------------------------------------
Стек вызовов:

# 0 0x004228EC in E:\Проэкт стрелялка\Проэкт стрелялка\bin\Debug\Проэкт стрелялка.exe: txTransparentBlt() at c:/codeblocks/codeblocks/mingw/include/txlib.h (13678)

# 1 0x0044DA15 in E:\Проэкт стрелялка\Проэкт стрелялка\bin\Debug\Проэкт стрелялка.exe: draw() at c:/codeblocks/codeblocks/mingw/include/c++/4.8.1/debug/functions.h (45):

     43:   // An arbitrary iterator pointer is not singular.
     44:   inline bool
=>   45:   __check_singular_aux(const void*) { return false; }
     46: 
     47:   // We may have an iterator that derives from _Safe_iterator_base but isn't

# 2 0x0042DD28 in E:\Проэкт стрелялка\Проэкт стрелялка\bin\Debug\Проэкт стрелялка.exe: main() at E:/Проэкт стрелялка/Проэкт стрелялка/main.cpp (437):

    435:         {
    436:             txBitBlt(txDC(), 0, 0, 800, 600, fon1);
=>  437:             tank1.draw();
    438:             bul.draw();
    439: 

--------------------------------------------------
Стек вызовов TX:

# 0 in bool {anonymous}::TX::txTransparentBlt(HDC, double, double, double, double, HDC, double, double, COLORREF) at c:\codeblocks\codeblocks\mingw\include\txlib.h (13677):

  13675:         {
  13676: $       SetLastError (ERROR_INVALID_DATA);
=>13677: $       TX_ERROR ("Прямоугольник копируемой области {%g, %g, %g, %g} не полностью лежит внутри изображения-источника {%d, %d, %d, %d}, "
  13678:                   "функция txTransparentBlt() работать не будет.", xSource, ySource, xSource + width, ySource + height, 0, 0, (int) size.x, (int) size.y);
  13679:         }

# 1 in void Tank::draw() at E:\Проэкт стрелялка\Проэкт стрелялка\main.cpp (22):

     20:             if(image == right || image == left)
     21:             {
=>   22:                 txTransparentBlt(txDC(), x, y, w, h, up, 0, 0, TX_BLACK);
     23:             }
     24: 

--------------------------------------------------
Developed with:

The Dumb Artist Library (TX Library)
TXLib [Ver: 00173a, Rev: 171, Date: 2022-07-23 02:08:28 +0400]
Copyright (C) Ded (Ilya Dedinsky, http://txlib.ru) <mail@txlib.ru>
See license on: http://txlib.ru

TXLib file:	c:\codeblocks\codeblocks\mingw\include\txlib.h
Compiled:	May  6 2024 18:16:29, GNU g++ 4.8.1, std=201103L, MinGW Runtime 3.20, 32-bit, DEBUG
Started:	May 06 2024 18:17:05

Run file:	E:\Проэкт стрелялка\Проэкт стрелялка\bin\Debug\Проэкт стрелялка.exe
Directory:	E:\Проэкт стрелялка\Проэкт стрелялка

--------------------------------------------------

--------------------------------------------------
TXLib сообщает:

Программа: E:\Проэкт стрелялка\Проэкт стрелялка\bin\Debug\Проэкт стрелялка.exe, файл: c:\codeblocks\codeblocks\mingw\include\txlib.h, строка: 13678, функция: bool {anonymous}::TX::txTransparentBlt(HDC, double, double, double, double, HDC, double, double, COLORREF),

Сообщение: Прямоугольник копируемой области {0, 0, 200, 100} не полностью лежит внутри изображения-источника {0, 0, 100, 200}, функция txTransparentBlt() работать не будет.

#1: TXLib [Ver: 00173a, Rev: 171, Date: 2022-07-23 02:08:28 +0400], Instance: 0x005082FC (32-bit), Flags: CMdRe0, Thread: 0x1CF8 (Main), GetLastError(): 13 (Недопустимые данные). 
From: c:\codeblocks\codeblocks\mingw\include\txlib.h (13677) bool {anonymous}::TX::txTransparentBlt(HDC, double, double, double, double, HDC, double, double, COLORREF).

--------------------------------------------------
Стек вызовов:

# 0 0x004228EC in E:\Проэкт стрелялка\Проэкт стрелялка\bin\Debug\Проэкт стрелялка.exe: txTransparentBlt() at c:/codeblocks/codeblocks/mingw/include/txlib.h (13678)

# 1 0x0044DAEB in E:\Проэкт стрелялка\Проэкт стрелялка\bin\Debug\Проэкт стрелялка.exe: draw() at c:/codeblocks/codeblocks/mingw/include/c++/4.8.1/debug/functions.h (45):

     43:   // An arbitrary iterator pointer is not singular.
     44:   inline bool
=>   45:   __check_singular_aux(const void*) { return false; }
     46: 
     47:   // We may have an iterator that derives from _Safe_iterator_base but isn't

# 2 0x0042DD28 in E:\Проэкт стрелялка\Проэкт стрелялка\bin\Debug\Проэкт стрелялка.exe: main() at E:/Проэкт стрелялка/Проэкт стрелялка/main.cpp (437):

    435:         {
    436:             txBitBlt(txDC(), 0, 0, 800, 600, fon1);
=>  437:             tank1.draw();
    438:             bul.draw();
    439: 

--------------------------------------------------
Стек вызовов TX:

# 0 in bool {anonymous}::TX::txTransparentBlt(HDC, double, double, double, double, HDC, double, double, COLORREF) at c:\codeblocks\codeblocks\mingw\include\txlib.h (13677):

  13675:         {
  13676: $       SetLastError (ERROR_INVALID_DATA);
=>13677: $       TX_ERROR ("Прямоугольник копируемой области {%g, %g, %g, %g} не полностью лежит внутри изображения-источника {%d, %d, %d, %d}, "
  13678:                   "функция txTransparentBlt() работать не будет.", xSource, ySource, xSource + width, ySource + height, 0, 0, (int) size.x, (int) size.y);
  13679:         }

# 1 in void Tank::draw() at E:\Проэкт стрелялка\Проэкт стрелялка\main.cpp (27):

     25:             else if(image == up)
     26:             {
=>   27:                 txTransparentBlt(txDC(), x, y, w, h, up, 0, 0, TX_BLACK);
     28:             }
     29:         }

--------------------------------------------------
Developed with:

The Dumb Artist Library (TX Library)
TXLib [Ver: 00173a, Rev: 171, Date: 2022-07-23 02:08:28 +0400]
Copyright (C) Ded (Ilya Dedinsky, http://txlib.ru) <mail@txlib.ru>
See license on: http://txlib.ru

TXLib file:	c:\codeblocks\codeblocks\mingw\include\txlib.h
Compiled:	May  6 2024 18:17:47, GNU g++ 4.8.1, std=201103L, MinGW Runtime 3.20, 32-bit, DEBUG
Started:	May 06 2024 18:18:19

Run file:	E:\Проэкт стрелялка\Проэкт стрелялка\bin\Debug\Проэкт стрелялка.exe
Directory:	E:\Проэкт стрелялка\Проэкт стрелялка

--------------------------------------------------

--------------------------------------------------
TXLib сообщает:

Программа: E:\Проэкт стрелялка\Проэкт стрелялка\bin\Debug\Проэкт стрелялка.exe, файл: c:\codeblocks\codeblocks\mingw\include\txlib.h, строка: 13678, функция: bool {anonymous}::TX::txTransparentBlt(HDC, double, double, double, double, HDC, double, double, COLORREF),

Сообщение: Прямоугольник копируемой области {0, 0, 200, 100} не полностью лежит внутри изображения-источника {0, 0, 100, 200}, функция txTransparentBlt() работать не будет.

#2: TXLib [Ver: 00173a, Rev: 171, Date: 2022-07-23 02:08:28 +0400], Instance: 0x005082FC (32-bit), Flags: CMdRE0, Thread: 0x1CF8 (Main), GetLastError(): 13 (Недопустимые данные). 
From: c:\codeblocks\codeblocks\mingw\include\txlib.h (13677) bool {anonymous}::TX::txTransparentBlt(HDC, double, double, double, double, HDC, double, double, COLORREF).

--------------------------------------------------
Стек вызовов:

# 0 0x004228EC in E:\Проэкт стрелялка\Проэкт стрелялка\bin\Debug\Проэкт стрелялка.exe: txTransparentBlt() at c:/codeblocks/codeblocks/mingw/include/txlib.h (13678)

# 1 0x0044DAEB in E:\Проэкт стрелялка\Проэкт стрелялка\bin\Debug\Проэкт стрелялка.exe: draw() at c:/codeblocks/codeblocks/mingw/include/c++/4.8.1/debug/functions.h (45):

     43:   // An arbitrary iterator pointer is not singular.
     44:   inline bool
=>   45:   __check_singular_aux(const void*) { return false; }
     46: 
     47:   // We may have an iterator that derives from _Safe_iterator_base but isn't

# 2 0x0042D657 in E:\Проэкт стрелялка\Проэкт стрелялка\bin\Debug\Проэкт стрелялка.exe: main() at E:/Проэкт стрелялка/Проэкт стрелялка/main.cpp (326):

    324:             txBitBlt(txDC(), 0, 0, 800, 600, fon1);
    325:             bul.draw();
=>  326:             tank1.draw();
    327:             if(GetAsyncKeyState (VK_ESCAPE))
    328:                 {

--------------------------------------------------
Стек вызовов TX:

# 0 in bool {anonymous}::TX::txTransparentBlt(HDC, double, double, double, double, HDC, double, double, COLORREF) at c:\codeblocks\codeblocks\mingw\include\txlib.h (13677):

  13675:         {
  13676: $       SetLastError (ERROR_INVALID_DATA);
=>13677: $       TX_ERROR ("Прямоугольник копируемой области {%g, %g, %g, %g} не полностью лежит внутри изображения-источника {%d, %d, %d, %d}, "
  13678:                   "функция txTransparentBlt() работать не будет.", xSource, ySource, xSource + width, ySource + height, 0, 0, (int) size.x, (int) size.y);
  13679:         }

# 1 in void Tank::draw() at E:\Проэкт стрелялка\Проэкт стрелялка\main.cpp (27):

     25:             else if(image == up)
     26:             {
=>   27:                 txTransparentBlt(txDC(), x, y, w, h, up, 0, 0, TX_BLACK);
     28:             }
     29:         }

--------------------------------------------------
Developed with:

The Dumb Artist Library (TX Library)
TXLib [Ver: 00173a, Rev: 171, Date: 2022-07-23 02:08:28 +0400]
Copyright (C) Ded (Ilya Dedinsky, http://txlib.ru) <mail@txlib.ru>
See license on: http://txlib.ru

TXLib file:	c:\codeblocks\codeblocks\mingw\include\txlib.h
Compiled:	May  6 2024 18:17:47, GNU g++ 4.8.1, std=201103L, MinGW Runtime 3.20, 32-bit, DEBUG
Started:	May 06 2024 18:18:19

Run file:	E:\Проэкт стрелялка\Проэкт стрелялка\bin\Debug\Проэкт стрелялка.exe
Directory:	E:\Проэкт стрелялка\Проэкт стрелялка

--------------------------------------------------

--------------------------------------------------
TXLib сообщает:

Программа: E:\Проэкт стрелялка\Проэкт стрелялка\bin\Debug\Проэкт стрелялка.exe, файл: c:\codeblocks\codeblocks\mingw\include\txlib.h, строка: 13678, функция: bool {anonymous}::TX::txTransparentBlt(HDC, double, double, double, double, HDC, double, double, COLORREF),

Сообщение: Прямоугольник копируемой области {0, 0, 100, 200} не полностью лежит внутри изображения-источника {0, 0, 200, 100}, функция txTransparentBlt() работать не будет.

#1: TXLib [Ver: 00173a, Rev: 171, Date: 2022-07-23 02:08:28 +0400], Instance: 0x005082FC (32-bit), Flags: CMdRe0, Thread: 0x1854 (Main), GetLastError(): 13 (Недопустимые данные). 
From: c:\codeblocks\codeblocks\mingw\include\txlib.h (13677) bool {anonymous}::TX::txTransparentBlt(HDC, double, double, double, double, HDC, double, double, COLORREF).

--------------------------------------------------
Стек вызовов:

# 0 0x004228EC in E:\Проэкт стрелялка\Проэкт стрелялка\bin\Debug\Проэкт стрелялка.exe: txTransparentBlt() at c:/codeblocks/codeblocks/mingw/include/txlib.h (13678)

# 1 0x0044DA15 in E:\Проэкт стрелялка\Проэкт стрелялка\bin\Debug\Проэкт стрелялка.exe: draw() at c:/codeblocks/codeblocks/mingw/include/c++/4.8.1/debug/functions.h (45):

     43:   // An arbitrary iterator pointer is not singular.
     44:   inline bool
=>   45:   __check_singular_aux(const void*) { return false; }
     46: 
     47:   // We may have an iterator that derives from _Safe_iterator_base but isn't

# 2 0x0042DD28 in E:\Проэкт стрелялка\Проэкт стрелялка\bin\Debug\Проэкт стрелялка.exe: main() at E:/Проэкт стрелялка/Проэкт стрелялка/main.cpp (437):

    435:         {
    436:             txBitBlt(txDC(), 0, 0, 800, 600, fon1);
=>  437:             tank1.draw();
    438:             bul.draw();
    439: 

--------------------------------------------------
Стек вызовов TX:

# 0 in bool {anonymous}::TX::txTransparentBlt(HDC, double, double, double, double, HDC, double, double, COLORREF) at c:\codeblocks\codeblocks\mingw\include\txlib.h (13677):

  13675:         {
  13676: $       SetLastError (ERROR_INVALID_DATA);
=>13677: $       TX_ERROR ("Прямоугольник копируемой области {%g, %g, %g, %g} не полностью лежит внутри изображения-источника {%d, %d, %d, %d}, "
  13678:                   "функция txTransparentBlt() работать не будет.", xSource, ySource, xSource + width, ySource + height, 0, 0, (int) size.x, (int) size.y);
  13679:         }

# 1 in void Tank::draw() at E:\Проэкт стрелялка\Проэкт стрелялка\main.cpp (22):

     20:             if(image == right || image == left)
     21:             {
=>   22:                 txTransparentBlt(txDC(), x, y, w, h, image, 0, 0, TX_BLACK);
     23:             }
     24: 

--------------------------------------------------
Developed with:

The Dumb Artist Library (TX Library)
TXLib [Ver: 00173a, Rev: 171, Date: 2022-07-23 02:08:28 +0400]
Copyright (C) Ded (Ilya Dedinsky, http://txlib.ru) <mail@txlib.ru>
See license on: http://txlib.ru

TXLib file:	c:\codeblocks\codeblocks\mingw\include\txlib.h
Compiled:	May  6 2024 18:18:59, GNU g++ 4.8.1, std=201103L, MinGW Runtime 3.20, 32-bit, DEBUG
Started:	May 06 2024 18:19:31

Run file:	E:\Проэкт стрелялка\Проэкт стрелялка\bin\Debug\Проэкт стрелялка.exe
Directory:	E:\Проэкт стрелялка\Проэкт стрелялка

--------------------------------------------------
